<!DOCTYPE html>
<html>
<head>
    <title>Test report</title>
    <meta charset="utf-8">
    <meta name="viewport" content="width=device-width, initial-scale=1.0">
    <link rel="stylesheet" href="https://maxcdn.bootstrapcdn.com/bootstrap/3.3.6/css/bootstrap.min.css" integrity="sha384-1q8mTJOASx8j1Au+a5WDVnPi2lkFfwwEAa8hDDdjZlpLegxhjVME1fgjWPGmkzs7" crossorigin="anonymous">
</head>
<body>
    <div class="container">
        <div class="row">
            <div class="col-xs-12">
                <h2 class="text-capitalize">Test report</h2>
                <p class='attribute'><strong>Start Time: </strong>2023-03-26 01:20:37</p>
                <p class='attribute'><strong>Duration: </strong>24.67 s</p>
                <p class='attribute'><strong>Summary: </strong>Total: 6, Pass: 2, Error: 4</p>
            </div>
        </div>
        <div class="row">
            <div class="col-xs-12 col-sm-10 col-md-10">
                <table class='table table-hover table-responsive'>
                    <thead>
                        <tr>
                            <th>pom.tests.test_login_page.TestLoginPage</th>
                            <th>Status</th>
                            <th></th>
                        </tr>
                    </thead>
                    <tbody>
                        <tr class='success'>
                            <td class="col-xs-10">test_login_with_empty_email_and_pass</td>
                            <td class="col-xs-1">
                                <span class="label label-success" style="display:block;width:40px;">Pass</span>
                            </td>
                            <td class="col-xs-1">
                            </td>
                        </tr>
                        <tr class='success'>
                            <td class="col-xs-10">test_login_with_unregistered_email</td>
                            <td class="col-xs-1">
                                <span class="label label-success" style="display:block;width:40px;">Pass</span>
                            </td>
                            <td class="col-xs-1">
                            </td>
                        </tr>
                        <tr>
                            <td colspan="3">
                                Total: 2, Pass: 2 -- Duration: 14.72 s
                            </td>
                        </tr>
                    </tbody>
                </table>
            </div>
        </div>
        <div class="row">
            <div class="col-xs-12 col-sm-10 col-md-10">
                <table class='table table-hover table-responsive'>
                    <thead>
                        <tr>
                            <th>pom.tests.test_forgot_password_page.TestForgotPasswordPage</th>
                            <th>Status</th>
                            <th></th>
                        </tr>
                    </thead>
                    <tbody>
                        <tr class='warning'>
                            <td class="col-xs-10">test_clear_email_input</td>
                            <td class="col-xs-1">
                                <span class="label label-warning" style="display:block;width:40px;">Error</span>
                            </td>
                            <td class="col-xs-1">
                                <button class="btn btn-default btn-xs">View</button>
                            </td>
                        </tr>
                        <tr style="display:none;">
                            <td class="col-xs-9" colspan="3"><p style="color:maroon;">AttributeError: 'ForgotPasswordPage' object has no attribute 'driver'</p><p style="color:maroon;">Traceback (most recent call last):
  File "D:\ITF\TA\Git\cursuri_ta41\pom\tests\test_forgot_password_page.py", line 28, in test_clear_email_input
    self.forgot_password_page.set_email(self.INVALID_EMAIL)
  File "D:\ITF\TA\Git\cursuri_ta41\pom\pages\forgot_password_page.py", line 11, in set_email
    self.type(self.EMAIL_INPUT, email)
  File "D:\ITF\TA\Git\cursuri_ta41\pom\pages\base_page.py", line 26, in type
    self.find(locator).send_keys(text)
    ^^^^^^^^^^^^^^^^^^
  File "D:\ITF\TA\Git\cursuri_ta41\pom\pages\base_page.py", line 20, in find
    return self.driver.find_element(*locator)
           ^^^^^^^^^^^
AttributeError: 'ForgotPasswordPage' object has no attribute 'driver'
</p>
                            </td>
                        </tr>
                        <tr class='warning'>
                            <td class="col-xs-10">test_clear_email_input</td>
                            <td class="col-xs-1">
                                <span class="label label-warning" style="display:block;width:40px;">Error</span>
                            </td>
                            <td class="col-xs-1">
                                <button class="btn btn-default btn-xs">View</button>
                            </td>
                        </tr>
                        <tr style="display:none;">
                            <td class="col-xs-9" colspan="3"><p style="color:maroon;">AttributeError: 'ForgotPasswordPage' object has no attribute 'driver'</p><p style="color:maroon;">Traceback (most recent call last):
  File "D:\ITF\TA\Git\cursuri_ta41\pom\tests\test_forgot_password_page.py", line 19, in tearDown
    self.forgot_password_page.close_browser()
  File "D:\ITF\TA\Git\cursuri_ta41\pom\pages\browser.py", line 17, in close_browser
    self.driver.quit()
    ^^^^^^^^^^^
AttributeError: 'ForgotPasswordPage' object has no attribute 'driver'
</p>
                            </td>
                        </tr>
                        <tr class='warning'>
                            <td class="col-xs-10">test_insert_wrong_email</td>
                            <td class="col-xs-1">
                                <span class="label label-warning" style="display:block;width:40px;">Error</span>
                            </td>
                            <td class="col-xs-1">
                                <button class="btn btn-default btn-xs">View</button>
                            </td>
                        </tr>
                        <tr style="display:none;">
                            <td class="col-xs-9" colspan="3"><p style="color:maroon;">AttributeError: 'ForgotPasswordPage' object has no attribute 'driver'</p><p style="color:maroon;">Traceback (most recent call last):
  File "D:\ITF\TA\Git\cursuri_ta41\pom\tests\test_forgot_password_page.py", line 22, in test_insert_wrong_email
    self.forgot_password_page.set_email(self.INVALID_EMAIL)
  File "D:\ITF\TA\Git\cursuri_ta41\pom\pages\forgot_password_page.py", line 11, in set_email
    self.type(self.EMAIL_INPUT, email)
  File "D:\ITF\TA\Git\cursuri_ta41\pom\pages\base_page.py", line 26, in type
    self.find(locator).send_keys(text)
    ^^^^^^^^^^^^^^^^^^
  File "D:\ITF\TA\Git\cursuri_ta41\pom\pages\base_page.py", line 20, in find
    return self.driver.find_element(*locator)
           ^^^^^^^^^^^
AttributeError: 'ForgotPasswordPage' object has no attribute 'driver'
</p>
                            </td>
                        </tr>
                        <tr class='warning'>
                            <td class="col-xs-10">test_insert_wrong_email</td>
                            <td class="col-xs-1">
                                <span class="label label-warning" style="display:block;width:40px;">Error</span>
                            </td>
                            <td class="col-xs-1">
                                <button class="btn btn-default btn-xs">View</button>
                            </td>
                        </tr>
                        <tr style="display:none;">
                            <td class="col-xs-9" colspan="3"><p style="color:maroon;">AttributeError: 'ForgotPasswordPage' object has no attribute 'driver'</p><p style="color:maroon;">Traceback (most recent call last):
  File "D:\ITF\TA\Git\cursuri_ta41\pom\tests\test_forgot_password_page.py", line 19, in tearDown
    self.forgot_password_page.close_browser()
  File "D:\ITF\TA\Git\cursuri_ta41\pom\pages\browser.py", line 17, in close_browser
    self.driver.quit()
    ^^^^^^^^^^^
AttributeError: 'ForgotPasswordPage' object has no attribute 'driver'
</p>
                            </td>
                        </tr>
                        <tr>
                            <td colspan="3">
                                Total: 4, Pass: 0, Error: 4 -- Duration: 9.95 s
                            </td>
                        </tr>
                    </tbody>
                </table>
            </div>
        </div>
    </div>
    <script src="https://ajax.googleapis.com/ajax/libs/jquery/2.2.4/jquery.min.js"></script>
    <script type="text/javascript">
        $(document).ready(function(){
            $('td').on('click', '.btn', function(e){
                e.preventDefault();
                e.stopImmediatePropagation();
                var $this = $(this);
                var $nextRow = $this.closest('tr').next('tr');
                $nextRow.slideToggle("fast");
                $this.text(function(i, text){
                    if (text === 'View') {
                        return 'Hide';
                    } else {
                        return 'View';
                    };
                });
            });
        });
    </script>
</body>
</html